2025-04-02 00:10:37 [HikariPool-3 housekeeper] WARN  com.zaxxer.hikari.pool.HikariPool - HikariPool-3 - Thread starvation or clock leap detected (housekeeper delta=1h56m22s91ms137µs100ns).
2025-04-02 00:15:11 [SpringApplicationShutdownHook] INFO  o.s.b.w.e.tomcat.GracefulShutdown - Commencing graceful shutdown. Waiting for active requests to complete
2025-04-02 00:15:11 [tomcat-shutdown] INFO  o.s.b.w.e.tomcat.GracefulShutdown - Graceful shutdown complete
2025-04-02 00:15:11 [SpringApplicationShutdownHook] INFO  o.s.o.j.LocalContainerEntityManagerFactoryBean - Closing JPA EntityManagerFactory for persistence unit 'default'
2025-04-02 00:15:11 [SpringApplicationShutdownHook] DEBUG org.hibernate.SQL - alter table book_fines drop foreign key FKnlpykc4v786w8gxhllvb5g3wk
2025-04-02 00:15:12 [SpringApplicationShutdownHook] DEBUG org.hibernate.SQL - alter table book_fines drop foreign key FKsagn450a5mjw20m3wuemi70dv
2025-04-02 00:15:12 [SpringApplicationShutdownHook] DEBUG org.hibernate.SQL - alter table book_transactions drop foreign key FKo7xsbd8dvn5d9v5scvd3qnqex
2025-04-02 00:15:12 [SpringApplicationShutdownHook] DEBUG org.hibernate.SQL - alter table book_transactions drop foreign key FKg7g0fd98s6stuwtv1ow8pnofy
2025-04-02 00:15:12 [SpringApplicationShutdownHook] DEBUG org.hibernate.SQL - alter table borrowed_books drop foreign key FKirp80rty69v7va8179fdkbrls
2025-04-02 00:15:12 [SpringApplicationShutdownHook] DEBUG org.hibernate.SQL - alter table borrowed_books drop foreign key FKgb3nt8115pif6g34654k63ltj
2025-04-02 00:15:12 [SpringApplicationShutdownHook] DEBUG org.hibernate.SQL - alter table borrowed_books drop foreign key FKrgyccjw7gld60xr4k99wa20gu
2025-04-02 00:15:12 [SpringApplicationShutdownHook] DEBUG org.hibernate.SQL - alter table password_reset_tokens drop foreign key FKk3ndxg5xp6v7wd4gjyusp15gq
2025-04-02 00:15:12 [SpringApplicationShutdownHook] DEBUG org.hibernate.SQL - alter table user_role_mappings drop foreign key FKqwoptivmgo9o0f8gcfpipuopo
2025-04-02 00:15:12 [SpringApplicationShutdownHook] DEBUG org.hibernate.SQL - alter table user_role_mappings drop foreign key FK3usl2rbtadr5r5j0fb7j1q9up
2025-04-02 00:15:12 [SpringApplicationShutdownHook] DEBUG org.hibernate.SQL - drop table if exists audit_logs
2025-04-02 00:15:12 [SpringApplicationShutdownHook] DEBUG org.hibernate.SQL - drop table if exists book_fines
2025-04-02 00:15:12 [SpringApplicationShutdownHook] DEBUG org.hibernate.SQL - drop table if exists book_transactions
2025-04-02 00:15:12 [SpringApplicationShutdownHook] DEBUG org.hibernate.SQL - drop table if exists books
2025-04-02 00:15:12 [SpringApplicationShutdownHook] DEBUG org.hibernate.SQL - drop table if exists borrowed_books
2025-04-02 00:15:12 [SpringApplicationShutdownHook] DEBUG org.hibernate.SQL - drop table if exists db_log_entry
2025-04-02 00:15:12 [SpringApplicationShutdownHook] DEBUG org.hibernate.SQL - drop table if exists method_execution_logs
2025-04-02 00:15:12 [SpringApplicationShutdownHook] DEBUG org.hibernate.SQL - drop table if exists password_reset_tokens
2025-04-02 00:15:12 [SpringApplicationShutdownHook] DEBUG org.hibernate.SQL - drop table if exists refreshes
2025-04-02 00:15:12 [SpringApplicationShutdownHook] DEBUG org.hibernate.SQL - drop table if exists roles
2025-04-02 00:15:12 [SpringApplicationShutdownHook] DEBUG org.hibernate.SQL - drop table if exists user_role_mappings
2025-04-02 00:15:12 [SpringApplicationShutdownHook] DEBUG org.hibernate.SQL - drop table if exists users
2025-04-02 00:15:12 [SpringApplicationShutdownHook] INFO  com.zaxxer.hikari.HikariDataSource - HikariPool-3 - Shutdown initiated...
2025-04-02 00:15:12 [SpringApplicationShutdownHook] INFO  com.zaxxer.hikari.HikariDataSource - HikariPool-3 - Shutdown completed.
